[debug] [2024-02-01T14:51:42.012Z] ----------------------------------------------------------------------
[debug] [2024-02-01T14:51:42.014Z] Command:       /Users/ruxi.gontescu/.nvm/versions/node/v21.4.0/bin/node /Users/ruxi.gontescu/.nvm/versions/node/v21.4.0/bin/firebase init
[debug] [2024-02-01T14:51:42.014Z] CLI Version:   13.1.0
[debug] [2024-02-01T14:51:42.014Z] Platform:      darwin
[debug] [2024-02-01T14:51:42.014Z] Node Version:  v21.4.0
[debug] [2024-02-01T14:51:42.014Z] Time:          Thu Feb 01 2024 16:51:42 GMT+0200 (Eastern European Standard Time)
[debug] [2024-02-01T14:51:42.014Z] ----------------------------------------------------------------------
[debug] 
[debug] [2024-02-01T14:51:42.018Z] > command requires scopes: ["email","openid","https://www.googleapis.com/auth/cloudplatformprojects.readonly","https://www.googleapis.com/auth/firebase","https://www.googleapis.com/auth/cloud-platform"]
[debug] [2024-02-01T14:51:42.018Z] > authorizing via signed-in user (gontescuruxandra@gmail.com)
[info] 
     ######## #### ########  ######## ########     ###     ######  ########
     ##        ##  ##     ## ##       ##     ##  ##   ##  ##       ##
     ######    ##  ########  ######   ########  #########  ######  ######
     ##        ##  ##    ##  ##       ##     ## ##     ##       ## ##
     ##       #### ##     ## ######## ########  ##     ##  ######  ########

You're about to initialize a Firebase project in this directory:

  /Users/ruxi.gontescu/react-website

[info] 
=== Project Setup
[info] 
[info] First, let's associate this project directory with a Firebase project.
[info] You can create multiple project aliases by running firebase use --add, 
[info] but for now we'll just set up a default project.
[info] 
[debug] [2024-02-01T14:53:28.519Z] >>> [apiv2][query] GET https://firebase.googleapis.com/v1beta1/projects pageSize=100
[debug] [2024-02-01T14:53:29.194Z] <<< [apiv2][status] GET https://firebase.googleapis.com/v1beta1/projects 200
[debug] [2024-02-01T14:53:29.194Z] <<< [apiv2][body] GET https://firebase.googleapis.com/v1beta1/projects [omitted]
[info] i  Using project backend-24632 (backend) 
[info] 
=== Hosting Setup
[debug] [2024-02-01T14:54:04.004Z] >>> [apiv2][query] GET https://firebase.googleapis.com/v1beta1/projects/backend-24632 [none]
[debug] [2024-02-01T14:54:04.408Z] <<< [apiv2][status] GET https://firebase.googleapis.com/v1beta1/projects/backend-24632 200
[debug] [2024-02-01T14:54:04.408Z] <<< [apiv2][body] GET https://firebase.googleapis.com/v1beta1/projects/backend-24632 {"projectId":"backend-24632","projectNumber":"680798079100","displayName":"backend","name":"projects/backend-24632","resources":{"hostingSite":"backend-24632","storageBucket":"backend-24632.appspot.com","locationId":"europe-west"},"state":"ACTIVE","etag":"1_58d34935-cc8e-4f2e-9588-8da596a00eb2"}
[info] 
[info] Your public directory is the folder (relative to your project directory) that
[info] will contain Hosting assets to be uploaded with firebase deploy. If you
[info] have a build process for your assets, use your build's output directory.
[info] 
[info] ✔  Wrote public/404.html 
[debug] [2024-02-01T14:54:43.896Z] >>> [apiv2][query] GET https://www.gstatic.com/firebasejs/releases.json [none]
[debug] [2024-02-01T14:54:44.101Z] <<< [apiv2][status] GET https://www.gstatic.com/firebasejs/releases.json 200
[debug] [2024-02-01T14:54:44.101Z] <<< [apiv2][body] GET https://www.gstatic.com/firebasejs/releases.json {"current":{"version":"10.7.2","browserURL":"https://www.gstatic.com/firebasejs/10.7.2/firebase.js","packageURL":"https://www.gstatic.com/firebasejs/10.7.2/firebase.tgz"},"live":{"version":"10.7","browserURL":"https://www.gstatic.com/firebasejs/live/10.7/firebase.js","packageURL":"https://www.gstatic.com/firebasejs/live/10.7/firebase.tgz"},"components":{"analytics":"https://www.gstatic.com/firebasejs/10.7.2/firebase-analytics.js","app":"https://www.gstatic.com/firebasejs/10.7.2/firebase-app.js","app-check":"https://www.gstatic.com/firebasejs/10.7.2/firebase-app-check.js","auth":"https://www.gstatic.com/firebasejs/10.7.2/firebase-auth.js","auth/cordova":"https://www.gstatic.com/firebasejs/10.7.2/firebase-auth/cordova.js","functions":"https://www.gstatic.com/firebasejs/10.7.2/firebase-functions.js","firestore":"https://www.gstatic.com/firebasejs/10.7.2/firebase-firestore.js","firestore/lite":"https://www.gstatic.com/firebasejs/10.7.2/firebase-firestore/lite.js","installations":"https://www.gstatic.com/firebasejs/10.7.2/firebase-installations.js","storage":"https://www.gstatic.com/firebasejs/10.7.2/firebase-storage.js","performance":"https://www.gstatic.com/firebasejs/10.7.2/firebase-performance.js","remote-config":"https://www.gstatic.com/firebasejs/10.7.2/firebase-remote-config.js","messaging":"https://www.gstatic.com/firebasejs/10.7.2/firebase-messaging.js","messaging/sw":"https://www.gstatic.com/firebasejs/10.7.2/firebase-messaging/sw.js","database":"https://www.gstatic.com/firebasejs/10.7.2/firebase-database.js","firestore.memory":"https://www.gstatic.com/firebasejs/10.7.2/firebase-firestore.memory.js"}}
[info] i  Skipping write of public/index.html 
[info] 
[info] i  Detected a .git folder at /Users/ruxi.gontescu 
[info] i  Authorizing with GitHub to upload your service account to a GitHub repository's secrets store. 
[info] 
[info] Visit this URL on this device to log in:
[info] https://github.com/login/oauth/authorize?client_id=89cf50f02ac6aaed3484&state=779297000&redirect_uri=http%3A%2F%2Flocalhost%3A9005&scope=read%3Auser%20repo%20public_repo
[info] 
[info] Waiting for authentication...
[debug] [2024-02-01T14:55:03.141Z] >>> [apiv2][query] POST https://github.com/login/oauth/access_token [none]
[debug] [2024-02-01T14:55:03.142Z] >>> [apiv2][body] POST https://github.com/login/oauth/access_token [stream]
[debug] [2024-02-01T14:55:03.503Z] <<< [apiv2][status] POST https://github.com/login/oauth/access_token 200
[debug] [2024-02-01T14:55:03.503Z] <<< [apiv2][body] POST https://github.com/login/oauth/access_token {"access_token":"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","token_type":"bearer","scope":"read:user,repo"}
[debug] [2024-02-01T14:55:03.513Z] >>> [apiv2][query] GET https://api.github.com/user [none]
[debug] [2024-02-01T14:55:03.859Z] <<< [apiv2][status] GET https://api.github.com/user 200
[debug] [2024-02-01T14:55:03.860Z] <<< [apiv2][body] GET https://api.github.com/user {"login":"Ruxi12","id":95472267,"node_id":"U_kgDOBbDKiw","avatar_url":"https://avatars.githubusercontent.com/u/95472267?v=4","gravatar_id":"","url":"https://api.github.com/users/Ruxi12","html_url":"https://github.com/Ruxi12","followers_url":"https://api.github.com/users/Ruxi12/followers","following_url":"https://api.github.com/users/Ruxi12/following{/other_user}","gists_url":"https://api.github.com/users/Ruxi12/gists{/gist_id}","starred_url":"https://api.github.com/users/Ruxi12/starred{/owner}{/repo}","subscriptions_url":"https://api.github.com/users/Ruxi12/subscriptions","organizations_url":"https://api.github.com/users/Ruxi12/orgs","repos_url":"https://api.github.com/users/Ruxi12/repos","events_url":"https://api.github.com/users/Ruxi12/events{/privacy}","received_events_url":"https://api.github.com/users/Ruxi12/received_events","type":"User","site_admin":false,"name":null,"company":null,"blog":"","location":null,"email":null,"hireable":null,"bio":null,"twitter_username":null,"public_repos":17,"public_gists":0,"followers":3,"following":3,"created_at":"2021-12-03T09:14:07Z","updated_at":"2023-12-09T16:23:43Z","private_gists":0,"total_private_repos":2,"owned_private_repos":2,"disk_usage":42367,"collaborators":0,"two_factor_authentication":false,"plan":{"name":"free","space":976562499,"collaborators":0,"private_repos":10000}}
[info] 
[info] ✔  Success! Logged into GitHub as Ruxi12 
[info] 
